<?xml version="1.0" encoding="UTF-8"?>
<!-- Generated by org.testng.reporters.JUnitXMLReporter -->
<testsuite ignored="0" hostname="Admin" failures="3" tests="36" name="Test" time="125.667" errors="0" timestamp="2021-10-29T12:19:49 ICT">
  <testcase classname="Login.TestLogin" name="testLogin" time="6.999">
    <failure type="java.lang.AssertionError" message="expected [true] but found [false]">
      <![CDATA[java.lang.AssertionError: expected [true] but found [false]
at Login.TestLogin.testLogin(TestLogin.java:71)
at java.base/java.util.ArrayList.forEach(ArrayList.java:1511)
... Removed 31 stack frames]]>
    </failure>
  </testcase> <!-- testLogin -->
  <testcase classname="Login.TestLogin" name="testLogin" time="0.91"/>
  <testcase classname="Login.TestLogin" name="testLogin" time="0.856"/>
  <testcase classname="Login.TestLogin" name="testLogin" time="0.91"/>
  <testcase classname="ClientRegistration.Form1" name="testForm1" time="4.886"/>
  <testcase classname="ClientRegistration.Form1" name="testForm1" time="1.814"/>
  <testcase classname="ClientRegistration.Form1" name="testForm1" time="1.787"/>
  <testcase classname="ClientRegistration.Form1" name="testForm1" time="1.694"/>
  <testcase classname="ClientRegistration.Form1" name="testForm1" time="1.719"/>
  <testcase classname="ClientRegistration.Form2" name="testForm2" time="5.859"/>
  <testcase classname="ClientRegistration.Form2" name="testForm2" time="1.942"/>
  <testcase classname="ClientRegistration.Form2" name="testForm2" time="2.023"/>
  <testcase classname="ClientRegistration.Form2" name="testForm2" time="2.08"/>
  <testcase classname="ClientRegistration.Form2" name="testForm2" time="1.943"/>
  <testcase classname="ClientRegistration.Form2" name="testForm2" time="1.865"/>
  <testcase classname="ClientRegistration.Form3" name="testForm3" time="0.272">
    <failure type="org.testng.internal.reflect.MethodMatcherException" message="
[public static void ClientRegistration.Form3.testForm3(java.lang.String)] has no parameters defined but was found to be using a data provider (either explicitly specified or inherited from class level annotation).
Data provider mismatch
Method: testForm3([Parameter{index=0, type=java.lang.String, declaredAnnotations=[]}])
Arguments: [(java.lang.String) 10001000,(java.lang.String) pass]">
      <![CDATA[org.testng.internal.reflect.MethodMatcherException: 
[public static void ClientRegistration.Form3.testForm3(java.lang.String)] has no parameters defined but was found to be using a data provider (either explicitly specified or inherited from class level annotation).
Data provider mismatch
Method: testForm3([Parameter{index=0, type=java.lang.String, declaredAnnotations=[]}])
Arguments: [(java.lang.String) 10001000,(java.lang.String) pass]
at java.base/java.util.ArrayList.forEach(ArrayList.java:1511)
... Removed 22 stack frames]]>
    </failure>
  </testcase> <!-- testForm3 -->
  <testcase classname="SupplierRegistration.TestBankDetails" name="testBankDetails" time="8.31">
    <failure type="org.openqa.selenium.NoSuchElementException" message="no such element: Unable to locate element: {&amp;quot;method&amp;quot;:&amp;quot;xpath&amp;quot;,&amp;quot;selector&amp;quot;:&amp;quot;//mat-icon[@role=&amp;apos;img&amp;apos;]/following-sibling::mat-label[1]&amp;quot;}
  (Session info: MicrosoftEdge=95.0.1020.30)
For documentation on this error, please visit: https://www.seleniumhq.org/exceptions/no_such_element.html
Build info: version: &amp;apos;3.141.59&amp;apos;, revision: &amp;apos;e82be7d358&amp;apos;, time: &amp;apos;2018-11-14T08:25:48&amp;apos;
System info: host: &amp;apos;ADMIN&amp;apos;, ip: &amp;apos;192.168.0.108&amp;apos;, os.name: &amp;apos;Windows 10&amp;apos;, os.arch: &amp;apos;amd64&amp;apos;, os.version: &amp;apos;10.0&amp;apos;, java.version: &amp;apos;15.0.1&amp;apos;
Driver info: org.openqa.selenium.edge.EdgeDriver
Capabilities {acceptInsecureCerts: false, browserName: msedge, browserVersion: 95.0.1020.30, javascriptEnabled: true, ms:edgeOptions: {debuggerAddress: localhost:61645}, msedge: {msedgedriverVersion: 95.0.1020.30 (09f7018e2a65a..., userDataDir: C:\Users\Admin\AppData\Loca...}, networkConnectionEnabled: false, pageLoadStrategy: normal, platform: WINDOWS, platformName: WINDOWS, proxy: Proxy(), setWindowRect: true, strictFileInteractability: false, timeouts: {implicit: 0, pageLoad: 300000, script: 30000}, unhandledPromptBehavior: dismiss and notify, webauthn:extension:credBlob: true, webauthn:extension:largeBlob: true, webauthn:virtualAuthenticators: true}
Session ID: 1e538c3337a9cf02f94d5f8f4eb36477
*** Element info: {Using=xpath, value=//mat-icon[@role=&amp;apos;img&amp;apos;]/following-sibling::mat-label[1]}">
      <![CDATA[org.openqa.selenium.NoSuchElementException: no such element: Unable to locate element: {"method":"xpath","selector":"//mat-icon[@role='img']/following-sibling::mat-label[1]"}
  (Session info: MicrosoftEdge=95.0.1020.30)
For documentation on this error, please visit: https://www.seleniumhq.org/exceptions/no_such_element.html
Build info: version: '3.141.59', revision: 'e82be7d358', time: '2018-11-14T08:25:48'
System info: host: 'ADMIN', ip: '192.168.0.108', os.name: 'Windows 10', os.arch: 'amd64', os.version: '10.0', java.version: '15.0.1'
Driver info: org.openqa.selenium.edge.EdgeDriver
Capabilities {acceptInsecureCerts: false, browserName: msedge, browserVersion: 95.0.1020.30, javascriptEnabled: true, ms:edgeOptions: {debuggerAddress: localhost:61645}, msedge: {msedgedriverVersion: 95.0.1020.30 (09f7018e2a65a..., userDataDir: C:\Users\Admin\AppData\Loca...}, networkConnectionEnabled: false, pageLoadStrategy: normal, platform: WINDOWS, platformName: WINDOWS, proxy: Proxy(), setWindowRect: true, strictFileInteractability: false, timeouts: {implicit: 0, pageLoad: 300000, script: 30000}, unhandledPromptBehavior: dismiss and notify, webauthn:extension:credBlob: true, webauthn:extension:largeBlob: true, webauthn:virtualAuthenticators: true}
Session ID: 1e538c3337a9cf02f94d5f8f4eb36477
*** Element info: {Using=xpath, value=//mat-icon[@role='img']/following-sibling::mat-label[1]}
at org.openqa.selenium.remote.http.W3CHttpResponseCodec.createException(W3CHttpResponseCodec.java:187)
at org.openqa.selenium.remote.http.W3CHttpResponseCodec.decode(W3CHttpResponseCodec.java:122)
at org.openqa.selenium.remote.http.W3CHttpResponseCodec.decode(W3CHttpResponseCodec.java:49)
at org.openqa.selenium.remote.HttpCommandExecutor.execute(HttpCommandExecutor.java:158)
at org.openqa.selenium.remote.service.DriverCommandExecutor.execute(DriverCommandExecutor.java:83)
at org.openqa.selenium.remote.RemoteWebDriver.execute(RemoteWebDriver.java:552)
at org.openqa.selenium.remote.RemoteWebDriver.findElement(RemoteWebDriver.java:323)
at org.openqa.selenium.remote.RemoteWebDriver.findElementByXPath(RemoteWebDriver.java:428)
at org.openqa.selenium.By$ByXPath.findElement(By.java:353)
at org.openqa.selenium.remote.RemoteWebDriver.findElement(RemoteWebDriver.java:315)
at SupplierRegistration.TestBankDetails.testBankDetails(TestBankDetails.java:90)
at java.base/java.util.ArrayList.forEach(ArrayList.java:1511)
... Removed 32 stack frames]]>
    </failure>
  </testcase> <!-- testBankDetails -->
  <testcase classname="SupplierRegistration.TestBankDetails" name="testBankDetails" time="3.637"/>
  <testcase classname="SupplierRegistration.TestBankDetails" name="testBankDetails" time="3.573"/>
  <testcase classname="SupplierRegistration.TestBankDetails" name="testBankDetails" time="3.337"/>
  <testcase classname="SupplierRegistration.TestBankDetails" name="testBankDetails" time="3.259"/>
  <testcase classname="SupplierRegistration.TestBankDetails" name="testBankDetails" time="3.141"/>
  <testcase classname="SupplierRegistration.TestPersonalDetails" name="PersonalDetails" time="6.46"/>
  <testcase classname="SupplierRegistration.TestPersonalDetails" name="PersonalDetails" time="2.663"/>
  <testcase classname="SupplierRegistration.TestPersonalDetails" name="PersonalDetails" time="2.619"/>
  <testcase classname="SupplierRegistration.TestPersonalDetails" name="PersonalDetails" time="2.758"/>
  <testcase classname="SupplierRegistration.TestPersonalDetails" name="PersonalDetails" time="2.612"/>
  <testcase classname="SupplierRegistration.TestPersonalDetails" name="PersonalDetails" time="2.457"/>
  <testcase classname="SupplierRegistration.TestUserDetails" name="UserDetails" time="4.72"/>
  <testcase classname="SupplierRegistration.TestUserDetails" name="UserDetails" time="0.69"/>
  <testcase classname="SupplierRegistration.TestUserDetails" name="UserDetails" time="0.602"/>
  <testcase classname="SupplierRegistration.TestUserDetails" name="UserDetails" time="0.534"/>
  <testcase classname="SupplierRegistration.TestUserDetails" name="UserDetails" time="0.576"/>
  <testcase classname="Search.TestSearch" name="searchByClientID" time="4.494"/>
  <testcase classname="Search.TestSearch" name="searchByInvoice" time="0.155"/>
  <testcase classname="Search.TestSearch" name="searchBySupplierID" time="0.164"/>
</testsuite> <!-- Test -->
